# JRE version: OpenJDK Runtime Environment (15.0.1+9) (build 15.0.1+9-18)
# Java VM: OpenJDK 64-Bit Server VM (15.0.1+9-18, mixed mode, sharing, tiered, compressed oops, g1 gc, windows-amd64)
GC Precious Log:
 CPUs: 8 total, 8 available
 Memory: 16118M
 Large Page Support: Disabled
 NUMA Support: Disabled
 Compressed Oops: Enabled (Zero based)
 Heap Region Size: 2M
 Heap Min Capacity: 8M
 Heap Initial Capacity: 252M
 Heap Max Capacity: 4030M
 Pre-touch: Disabled
 Parallel Workers: 8
 Concurrent Workers: 2
 Concurrent Refinement Workers: 8
 Periodic GC: Disabled
Heap:
 garbage-first heap   total 360448K, used 161694K [0x0000000704200000, 0x0000000800000000)
  region size 2048K, 21 young (43008K), 4 survivors (8192K)
 Metaspace       used 54547K, capacity 55010K, committed 55168K, reserved 1097728K
  class space    used 5770K, capacity 5934K, committed 6016K, reserved 1048576K
GC Heap History (20 events):
Event: 7.178 GC heap before
{Heap before GC invocations=24 (full 0):
 garbage-first heap   total 143360K, used 96688K [0x0000000704200000, 0x0000000800000000)
  region size 2048K, 7 young (14336K), 1 survivors (2048K)
 Metaspace       used 50909K, capacity 51282K, committed 51328K, reserved 1095680K
  class space    used 5328K, capacity 5489K, committed 5504K, reserved 1048576K
}
Event: 7.184 GC heap after
{Heap after GC invocations=25 (full 0):
 garbage-first heap   total 143360K, used 98304K [0x0000000704200000, 0x0000000800000000)
  region size 2048K, 1 young (2048K), 1 survivors (2048K)
 Metaspace       used 50909K, capacity 51282K, committed 51328K, reserved 1095680K
  class space    used 5328K, capacity 5489K, committed 5504K, reserved 1048576K
}
Event: 7.203 GC heap before
{Heap before GC invocations=25 (full 0):
 garbage-first heap   total 143360K, used 106496K [0x0000000704200000, 0x0000000800000000)
  region size 2048K, 5 young (10240K), 1 survivors (2048K)
 Metaspace       used 50909K, capacity 51282K, committed 51328K, reserved 1095680K
  class space    used 5328K, capacity 5489K, committed 5504K, reserved 1048576K
}
Event: 7.207 GC heap after
{Heap after GC invocations=26 (full 0):
 garbage-first heap   total 172032K, used 107690K [0x0000000704200000, 0x0000000800000000)
  region size 2048K, 1 young (2048K), 1 survivors (2048K)
 Metaspace       used 50909K, capacity 51282K, committed 51328K, reserved 1095680K
  class space    used 5328K, capacity 5489K, committed 5504K, reserved 1048576K
}
Event: 7.248 GC heap before
{Heap before GC invocations=26 (full 0):
 garbage-first heap   total 172032K, used 117930K [0x0000000704200000, 0x0000000800000000)
  region size 2048K, 7 young (14336K), 1 survivors (2048K)
 Metaspace       used 50915K, capacity 51282K, committed 51328K, reserved 1095680K
  class space    used 5328K, capacity 5489K, committed 5504K, reserved 1048576K
}
Event: 7.253 GC heap after
{Heap after GC invocations=27 (full 0):
 garbage-first heap   total 172032K, used 120691K [0x0000000704200000, 0x0000000800000000)
  region size 2048K, 1 young (2048K), 1 survivors (2048K)
 Metaspace       used 50915K, capacity 51282K, committed 51328K, reserved 1095680K
  class space    used 5328K, capacity 5489K, committed 5504K, reserved 1048576K
}
Event: 7.547 GC heap before
{Heap before GC invocations=28 (full 0):
 garbage-first heap   total 204800K, used 124787K [0x0000000704200000, 0x0000000800000000)
  region size 2048K, 5 young (10240K), 1 survivors (2048K)
 Metaspace       used 51314K, capacity 51794K, committed 51968K, reserved 1095680K
  class space    used 5373K, capacity 5553K, committed 5632K, reserved 1048576K
}
Event: 7.549 GC heap after
{Heap after GC invocations=29 (full 0):
 garbage-first heap   total 204800K, used 126037K [0x0000000704200000, 0x0000000800000000)
  region size 2048K, 1 young (2048K), 1 survivors (2048K)
 Metaspace       used 51314K, capacity 51794K, committed 51968K, reserved 1095680K
  class space    used 5373K, capacity 5553K, committed 5632K, reserved 1048576K
}
Event: 7.763 GC heap before
{Heap before GC invocations=29 (full 0):
 garbage-first heap   total 204800K, used 134229K [0x0000000704200000, 0x0000000800000000)
  region size 2048K, 5 young (10240K), 1 survivors (2048K)
 Metaspace       used 51574K, capacity 52050K, committed 52224K, reserved 1095680K
  class space    used 5394K, capacity 5553K, committed 5632K, reserved 1048576K
}
Event: 7.772 GC heap after
{Heap after GC invocations=30 (full 0):
 garbage-first heap   total 204800K, used 110587K [0x0000000704200000, 0x0000000800000000)
  region size 2048K, 1 young (2048K), 1 survivors (2048K)
 Metaspace       used 51574K, capacity 52050K, committed 52224K, reserved 1095680K
  class space    used 5394K, capacity 5553K, committed 5632K, reserved 1048576K
}
Event: 7.816 GC heap before
{Heap before GC invocations=30 (full 0):
 garbage-first heap   total 204800K, used 116731K [0x0000000704200000, 0x0000000800000000)
  region size 2048K, 5 young (10240K), 1 survivors (2048K)
 Metaspace       used 51586K, capacity 52050K, committed 52224K, reserved 1095680K
  class space    used 5394K, capacity 5553K, committed 5632K, reserved 1048576K
}
Event: 7.821 GC heap after
{Heap after GC invocations=31 (full 0):
 garbage-first heap   total 276480K, used 96878K [0x0000000704200000, 0x0000000800000000)
  region size 2048K, 1 young (2048K), 1 survivors (2048K)
 Metaspace       used 51586K, capacity 52050K, committed 52224K, reserved 1095680K
  class space    used 5394K, capacity 5553K, committed 5632K, reserved 1048576K
}
Event: 9.030 GC heap before
{Heap before GC invocations=31 (full 0):
 garbage-first heap   total 276480K, used 141934K [0x0000000704200000, 0x0000000800000000)
  region size 2048K, 24 young (49152K), 1 survivors (2048K)
 Metaspace       used 51842K, capacity 52306K, committed 52480K, reserved 1095680K
  class space    used 5401K, capacity 5553K, committed 5632K, reserved 1048576K
}
Event: 9.036 GC heap after
{Heap after GC invocations=32 (full 0):
 garbage-first heap   total 276480K, used 103573K [0x0000000704200000, 0x0000000800000000)
  region size 2048K, 3 young (6144K), 3 survivors (6144K)
 Metaspace       used 51842K, capacity 52306K, committed 52480K, reserved 1095680K
  class space    used 5401K, capacity 5553K, committed 5632K, reserved 1048576K
}
Event: 10.318 GC heap before
{Heap before GC invocations=32 (full 0):
 garbage-first heap   total 276480K, used 152725K [0x0000000704200000, 0x0000000800000000)
  region size 2048K, 28 young (57344K), 3 survivors (6144K)
 Metaspace       used 52012K, capacity 52449K, committed 52736K, reserved 1095680K
  class space    used 5411K, capacity 5558K, committed 5632K, reserved 1048576K
}
Event: 10.327 GC heap after
{Heap after GC invocations=33 (full 0):
 garbage-first heap   total 276480K, used 116844K [0x0000000704200000, 0x0000000800000000)
  region size 2048K, 4 young (8192K), 4 survivors (8192K)
 Metaspace       used 52012K, capacity 52449K, committed 52736K, reserved 1095680K
  class space    used 5411K, capacity 5558K, committed 5632K, reserved 1048576K
}
Event: 11.268 GC heap before
{Heap before GC invocations=33 (full 0):
 garbage-first heap   total 276480K, used 168044K [0x0000000704200000, 0x0000000800000000)
  region size 2048K, 29 young (59392K), 4 survivors (8192K)
 Metaspace       used 52027K, capacity 52449K, committed 52736K, reserved 1095680K
  class space    used 5411K, capacity 5558K, committed 5632K, reserved 1048576K
}
Event: 11.275 GC heap after
{Heap after GC invocations=34 (full 0):
 garbage-first heap   total 276480K, used 121180K [0x0000000704200000, 0x0000000800000000)
  region size 2048K, 2 young (4096K), 2 survivors (4096K)
 Metaspace       used 52027K, capacity 52449K, committed 52736K, reserved 1095680K
  class space    used 5411K, capacity 5558K, committed 5632K, reserved 1048576K
}
Event: 13.241 GC heap before
{Heap before GC invocations=34 (full 0):
 garbage-first heap   total 276480K, used 176476K [0x0000000704200000, 0x0000000800000000)
  region size 2048K, 29 young (59392K), 2 survivors (4096K)
 Metaspace       used 52085K, capacity 52513K, committed 52736K, reserved 1095680K
  class space    used 5412K, capacity 5558K, committed 5632K, reserved 1048576K
}
Event: 13.250 GC heap after
{Heap after GC invocations=35 (full 0):
 garbage-first heap   total 360448K, used 124830K [0x0000000704200000, 0x0000000800000000)
  region size 2048K, 4 young (8192K), 4 survivors (8192K)
 Metaspace       used 52085K, capacity 52513K, committed 52736K, reserved 1095680K
  class space    used 5412K, capacity 5558K, committed 5632K, reserved 1048576K
}

